[debug] [2018-05-22T10:03:39.675Z] ----------------------------------------------------------------------
[debug] [2018-05-22T10:03:39.677Z] Command:       D:\Program\nodejs\node.exe C:\Users\yuanhao_lai\AppData\Roaming\npm\node_modules\firebase-tools\bin\firebase serve --only functions
[debug] [2018-05-22T10:03:39.677Z] CLI Version:   3.18.5
[debug] [2018-05-22T10:03:39.677Z] Platform:      win32
[debug] [2018-05-22T10:03:39.677Z] Node Version:  v8.9.4
[debug] [2018-05-22T10:03:39.678Z] Time:          Tue May 22 2018 18:03:39 GMT+0800 (台北 (標準時))
[debug] [2018-05-22T10:03:39.678Z] ----------------------------------------------------------------------
[debug] 
[debug] [2018-05-22T10:03:39.698Z] > command requires scopes: ["email","openid","https://www.googleapis.com/auth/cloudplatformprojects.readonly","https://www.googleapis.com/auth/firebase","https://www.googleapis.com/auth/cloud-platform"]
[debug] [2018-05-22T10:03:39.699Z] > authorizing via signed-in user
[debug] [2018-05-22T10:03:39.700Z] > refreshing access token with scopes: ["email","https://www.googleapis.com/auth/cloud-platform","https://www.googleapis.com/auth/cloudplatformprojects.readonly","https://www.googleapis.com/auth/firebase","openid"]
[debug] [2018-05-22T10:03:39.700Z] >>> HTTP REQUEST POST https://www.googleapis.com/oauth2/v3/token  
 { refresh_token: '1/roW8zuzmcqZUOrJn5v2_2GK22YI4eJe2JmhwdlvXDzc',
  client_id: '563584335869-fgrhgmd47bqnekij5i8b5pr03ho849e6.apps.googleusercontent.com',
  client_secret: 'j9iVZfS8kkCEFUPaAeJV0sAi',
  grant_type: 'refresh_token',
  scope: 'email https://www.googleapis.com/auth/cloud-platform https://www.googleapis.com/auth/cloudplatformprojects.readonly https://www.googleapis.com/auth/firebase openid' } 
 Tue May 22 2018 18:03:39 GMT+0800 (台北 (標準時))
[debug] [2018-05-22T10:03:40.190Z] <<< HTTP RESPONSE 200
[debug] [2018-05-22T10:03:40.230Z] >>> HTTP REQUEST GET https://admin.firebase.com/v1/projects/xiang-ping-jun  
  
 Tue May 22 2018 18:03:40 GMT+0800 (台北 (標準時))
[debug] [2018-05-22T10:03:41.150Z] <<< HTTP RESPONSE 200
[debug] [2018-05-22T10:03:41.151Z] >>> HTTP REQUEST GET https://admin.firebase.com/v1/database/xiang-ping-jun/tokens  
  
 Tue May 22 2018 18:03:41 GMT+0800 (台北 (標準時))
[debug] [2018-05-22T10:03:41.871Z] <<< HTTP RESPONSE 200
[debug] [2018-05-22T10:03:41.872Z] >>> HTTP REQUEST GET https://cloudresourcemanager.googleapis.com/v1/projects/xiang-ping-jun  
  
 Tue May 22 2018 18:03:41 GMT+0800 (台北 (標準時))
[debug] [2018-05-22T10:03:42.741Z] <<< HTTP RESPONSE 200
[info] 
[info] === Serving from 'D:\Misc\stream-me-board'...
[info] 
[info] i  functions: Preparing to emulate functions.
[debug] [2018-05-22T10:03:46.775Z] Fetching environment
[debug] [2018-05-22T10:03:46.785Z] >>> HTTP REQUEST GET https://mobilesdk-pa.googleapis.com/v1/projects/205831146018:getServerAppConfig  
  
 Tue May 22 2018 18:03:46 GMT+0800 (台北 (標準時))
[debug] [2018-05-22T10:03:47.399Z] <<< HTTP RESPONSE 200
[debug] [2018-05-22T10:03:47.400Z] Starting @google-cloud/functions-emulator
[debug] [2018-05-22T10:03:51.512Z] Parsing function triggers
[info] +  functions: schedule: http://localhost:5000/xiang-ping-jun/us-central1/schedule
