0 info it worked if it ends with ok
1 verbose cli [ 'D:\\Program\\nodejs\\node.exe',
1 verbose cli   'D:\\Program\\nodejs\\node_modules\\npm\\bin\\npm-cli.js',
1 verbose cli   'run',
1 verbose cli   'start-admin' ]
2 info using npm@3.10.3
3 info using node@v6.5.0
4 verbose run-script [ 'prestart-admin', 'start-admin', 'poststart-admin' ]
5 info lifecycle babel-react-rollup-starter@1.5.1~prestart-admin: babel-react-rollup-starter@1.5.1
6 silly lifecycle babel-react-rollup-starter@1.5.1~prestart-admin: no script for prestart-admin, continuing
7 info lifecycle babel-react-rollup-starter@1.5.1~start-admin: babel-react-rollup-starter@1.5.1
8 verbose lifecycle babel-react-rollup-starter@1.5.1~start-admin: unsafe-perm in lifecycle true
9 verbose lifecycle babel-react-rollup-starter@1.5.1~start-admin: PATH: D:\Program\nodejs\node_modules\npm\bin\node-gyp-bin;D:\github\stream-me-board\node_modules\.bin;D:\Program\nodejs;C:\ProgramData\Oracle\Java\javapath;C:\Python27;C:\Program Files (x86)\OpenSSH\bin;C:\Windows\system32;C:\Windows;C:\Windows\System32\Wbem;C:\Windows\System32\WindowsPowerShell\v1.0\;C:\Program Files (x86)\CloudFoundry;C:\Program Files (x86)\Skype\Phone\;C:\Python27\Scripts;C:\Program Files (x86)\cURL\bin;C:\Python27\freetds-v0.95.95-win-x86-vs2008\freetds-v0.95.95-win-x86-vs2008\lib;C:\Program Files (x86)\Microsoft SQL Server\110\Tools\Binn\ManagementStudio\;C:\Program Files (x86)\Microsoft SQL Server\110\Tools\Binn\;C:\Program Files\Microsoft SQL Server\110\Tools\Binn\;C:\Program Files (x86)\Microsoft SQL Server\110\DTS\Binn\;C:\Python27\freetds-v0.95.95-win-x86-vs2008\lib-nossl;C:\Program Files\TortoiseGit\bin;D:\Program\nodejs\;D:\Git\cmd;C:\Program Files (x86)\Microsoft SQL Server\90\Tools\binn\;C:\Program Files (x86)\Brackets\command;C:\Program Files (x86)\Yarn\bin;C:\Program Files\Git.C:\Users\yuanhao_lai\AppData\Roaming\npm;C:\Users\yuanhao_lai\AppData\Roaming\npm;C:\Program Files (x86)\Microsoft VS Code\bin;C:\Users\yuanhao_lai\AppData\Local\Yarn\.bin
10 verbose lifecycle babel-react-rollup-starter@1.5.1~start-admin: CWD: D:\github\stream-me-board
11 silly lifecycle babel-react-rollup-starter@1.5.1~start-admin: Args: [ '/d /s /c',
11 silly lifecycle   'npm run build-admin && npm-run-all --parallel watch-admin browse' ]
12 silly lifecycle babel-react-rollup-starter@1.5.1~start-admin: Returned: code: 1  signal: null
13 info lifecycle babel-react-rollup-starter@1.5.1~start-admin: Failed to exec start-admin script
14 verbose stack Error: babel-react-rollup-starter@1.5.1 start-admin: `npm run build-admin && npm-run-all --parallel watch-admin browse`
14 verbose stack Exit status 1
14 verbose stack     at EventEmitter.<anonymous> (D:\Program\nodejs\node_modules\npm\lib\utils\lifecycle.js:242:16)
14 verbose stack     at emitTwo (events.js:106:13)
14 verbose stack     at EventEmitter.emit (events.js:191:7)
14 verbose stack     at ChildProcess.<anonymous> (D:\Program\nodejs\node_modules\npm\lib\utils\spawn.js:40:14)
14 verbose stack     at emitTwo (events.js:106:13)
14 verbose stack     at ChildProcess.emit (events.js:191:7)
14 verbose stack     at maybeClose (internal/child_process.js:877:16)
14 verbose stack     at Process.ChildProcess._handle.onexit (internal/child_process.js:226:5)
15 verbose pkgid babel-react-rollup-starter@1.5.1
16 verbose cwd D:\github\stream-me-board
17 error Windows_NT 6.1.7601
18 error argv "D:\\Program\\nodejs\\node.exe" "D:\\Program\\nodejs\\node_modules\\npm\\bin\\npm-cli.js" "run" "start-admin"
19 error node v6.5.0
20 error npm  v3.10.3
21 error code ELIFECYCLE
22 error babel-react-rollup-starter@1.5.1 start-admin: `npm run build-admin && npm-run-all --parallel watch-admin browse`
22 error Exit status 1
23 error Failed at the babel-react-rollup-starter@1.5.1 start-admin script 'npm run build-admin && npm-run-all --parallel watch-admin browse'.
23 error Make sure you have the latest version of node.js and npm installed.
23 error If you do, this is most likely a problem with the babel-react-rollup-starter package,
23 error not with npm itself.
23 error Tell the author that this fails on your system:
23 error     npm run build-admin && npm-run-all --parallel watch-admin browse
23 error You can get information on how to open an issue for this project with:
23 error     npm bugs babel-react-rollup-starter
23 error Or if that isn't available, you can get their info via:
23 error     npm owner ls babel-react-rollup-starter
23 error There is likely additional logging output above.
24 verbose exit [ 1, true ]
